#      a        b   E   k Ete  Ete(%)         Ite(%)
#---------------------------------------------------
     0.1      0.1   0  85 240     17.8    [15.7, 19.8]
     0.1      1.0   0  85 224     16.6    [14.6, 18.6]
     0.1     10.0   0  99 224     16.6    [14.6, 18.6]
     0.1    100.0 118 150 232     17.2    [15.2, 19.2]
     0.1   1000.0 674 150 178     13.2    [11.4, 15.0]
     0.1  10000.0 1029 150 202     15.0    [13.1, 16.9]
     1.0      0.1   0  78 219     16.2    [14.3, 18.2]
     1.0      1.0   0  85 240     17.8    [15.7, 19.8]
     1.0     10.0   0  85 224     16.6    [14.6, 18.6]
     1.0    100.0   0  99 224     16.6    [14.6, 18.6]
     1.0   1000.0 118 150 232     17.2    [15.2, 19.2]
     1.0  10000.0 674 150 178     13.2    [11.4, 15.0]
    10.0      0.1   0  99 217     16.1    [14.1, 18.0]
    10.0      1.0   0  78 219     16.2    [14.3, 18.2]
    10.0     10.0   0  85 240     17.8    [15.7, 19.8]
    10.0    100.0   0  85 224     16.6    [14.6, 18.6]
    10.0   1000.0   0  99 224     16.6    [14.6, 18.6]
    10.0  10000.0 118 150 232     17.2    [15.2, 19.2]
   100.0      0.1   0  83 227     16.8    [14.8, 18.8]
   100.0      1.0   0  99 217     16.1    [14.1, 18.0]
   100.0     10.0   0  78 219     16.2    [14.3, 18.2]
   100.0    100.0   0  85 240     17.8    [15.7, 19.8]
   100.0   1000.0   0  85 224     16.6    [14.6, 18.6]
   100.0  10000.0   0  99 224     16.6    [14.6, 18.6]
  1000.0      0.1   0  83 227     16.8    [14.8, 18.8]
  1000.0      1.0   0  83 227     16.8    [14.8, 18.8]
  1000.0     10.0   0  99 217     16.1    [14.1, 18.0]
  1000.0    100.0   0  78 219     16.2    [14.3, 18.2]
  1000.0   1000.0   0  85 240     17.8    [15.7, 19.8]
  1000.0  10000.0   0  85 224     16.6    [14.6, 18.6]
 10000.0      0.1   0  83 227     16.8    [14.8, 18.8]
 10000.0      1.0   0  83 227     16.8    [14.8, 18.8]
 10000.0     10.0   0  83 227     16.8    [14.8, 18.8]
 10000.0    100.0   0  99 217     16.1    [14.1, 18.0]
 10000.0   1000.0   0  78 219     16.2    [14.3, 18.2]
 10000.0  10000.0   0  85 240     17.8    [15.7, 19.8]

Dels que convergixen, es a dir, els que tenen la E=0, trie
el que te menys errors en les mostres de test, es a dir, els
que te E=0 i Ete=217. Aixo me deixa amb les següents posibilitats:

#      a        b   E   k Ete  Ete(%)         Ite(%)
#---------------------------------------------------
    10.0      0.1   0  99 217     16.1    [14.1, 18.0]
   100.0      1.0   0  99 217     16.1    [14.1, 18.0]
  1000.0     10.0   0  99 217     16.1    [14.1, 18.0]
 10000.0    100.0   0  99 217     16.1    [14.1, 18.0]

Conclusions:
 Podria valdre com a solucio: 
 10.0      0.1   0  99 217     16.1    [14.1, 18.0]
 Al ser el alfa menuda, convergeix més suaument i és millor.
 També se observa en els resultats que quan la Beta augmenta
 molt de tamany, arriba un punt que fa que no convergisca perque
 el marge de ventaja que se dona es molt gran.